<?xml version="1.0" encoding="UTF-8"?>
<testsuite name="MusicAdvisorTest" tests="1" skipped="0" failures="0" errors="0" timestamp="2021-03-03T04:36:44" hostname="Christians-MacBook-Pro.local" time="0.092">
  <properties/>
  <testcase name="start" classname="MusicAdvisorTest" time="0.092"/>
  <system-out><![CDATA[?[1;31m
Start test 1?[0m
> auth
---SUCCESS---
https://accounts.spotify.com/authorize?client_id=fdea9ae7b29147fa98559b2030212918&redirect_uri=https://www.example.com&response_type=code
> exit
---GOODBYE!---
?[1;31m
Start test 2?[0m
> new
Please, provide access for application.
> exit
---GOODBYE!---
?[1;31m
Start test 3?[0m
> featured
Please, provide access for application.
> exit
---GOODBYE!---
?[1;31m
Start test 4?[0m
> auth
---SUCCESS---
https://accounts.spotify.com/authorize?client_id=fdea9ae7b29147fa98559b2030212918&redirect_uri=https://www.example.com&response_type=code
> new
---NEW RELEASES---
Mountains [Sia, Diplo, Labrinth]
Runaway [Lil Peep]
The Greatest Show [Panic! At The Disco]
All Out Life [Slipknot]
> featured
---FEATURED---
Mellow Morning
Wake Up and Smell the Coffee
Monday Motivation
Songs to Sing in the Shower
> exit
---GOODBYE!---
]]></system-out>
  <system-err><![CDATA[]]></system-err>
</testsuite>
